<?xml version="1.0" encoding="UTF-8"?>
<!-- Generated by org.testng.reporters.JUnitXMLReporter -->
<testsuite hostname="LAPTOP-LK2THQQR" ignored="0" name="Default test" tests="4" failures="0" timestamp="03 Oct 2018 23:16:13 GMT" time="5.289" errors="0">
  <testcase name="testLogin1" time="0.014" classname="com.qa.orangePagesTest.LoninPageTest"/>
  <testcase name="testLogin2" time="0.053" classname="com.qa.orangePagesTest.LoninPageTest"/>
  <testcase name="TestLogin3" time="0.417" classname="com.qa.orangePagesTest.LoninPageTest"/>
  <testcase name="TestLogin4" time="0.031" classname="com.qa.orangePagesTest.LoninPageTest"/>
</testsuite> <!-- Default test -->
