<?xml version="1.0" encoding="UTF-8"?>
<testng-results skipped="0" failed="0" ignored="0" total="4" passed="4">
  <reporter-output>
  </reporter-output>
  <suite name="Default suite" duration-ms="5289" started-at="2018-10-03T23:16:08Z" finished-at="2018-10-03T23:16:13Z">
    <groups>
    </groups>
    <test name="Default test" duration-ms="5289" started-at="2018-10-03T23:16:08Z" finished-at="2018-10-03T23:16:13Z">
      <class name="com.qa.orangePagesTest.LoninPageTest">
        <test-method status="PASS" signature="setUp()[pri:0, instance:com.qa.orangePagesTest.LoninPageTest@1bce4f0a]" name="setUp" is-config="true" duration-ms="4750" started-at="2018-10-03T23:16:08Z" finished-at="2018-10-03T23:16:13Z">
          <reporter-output>
          </reporter-output>
        </test-method> <!-- setUp -->
        <test-method status="PASS" signature="testLogin1()[pri:1, instance:com.qa.orangePagesTest.LoninPageTest@1bce4f0a]" name="testLogin1" duration-ms="14" started-at="2018-10-03T23:16:13Z" finished-at="2018-10-03T23:16:13Z">
          <reporter-output>
          </reporter-output>
        </test-method> <!-- testLogin1 -->
        <test-method status="PASS" signature="testLogin2()[pri:2, instance:com.qa.orangePagesTest.LoninPageTest@1bce4f0a]" name="testLogin2" duration-ms="53" started-at="2018-10-03T23:16:13Z" finished-at="2018-10-03T23:16:13Z">
          <reporter-output>
          </reporter-output>
        </test-method> <!-- testLogin2 -->
        <test-method status="PASS" signature="TestLogin3()[pri:3, instance:com.qa.orangePagesTest.LoninPageTest@1bce4f0a]" name="TestLogin3" duration-ms="417" started-at="2018-10-03T23:16:13Z" finished-at="2018-10-03T23:16:13Z">
          <reporter-output>
          </reporter-output>
        </test-method> <!-- TestLogin3 -->
        <test-method status="PASS" signature="TestLogin4()[pri:4, instance:com.qa.orangePagesTest.LoninPageTest@1bce4f0a]" name="TestLogin4" duration-ms="31" started-at="2018-10-03T23:16:13Z" finished-at="2018-10-03T23:16:13Z">
          <reporter-output>
          </reporter-output>
        </test-method> <!-- TestLogin4 -->
      </class> <!-- com.qa.orangePagesTest.LoninPageTest -->
    </test> <!-- Default test -->
  </suite> <!-- Default suite -->
</testng-results>
